<?xml version="1.0" encoding="UTF-8"?>
<!-- Generated by org.testng.reporters.JUnitReportReporter -->
<testsuite hostname="DESKTOP-FOUIJUS" failures="0" tests="2" name="POM_DDF_TestNG_BaseClass_UtilityClass_FailedTC_PropertyFile.POM_DDF_TestNG_BasEClass_UtilityClass1" time="5.283" errors="1" timestamp="2024-05-07T08:53:49 IST" skipped="1">
  <testcase classname="POM_DDF_TestNG_BaseClass_UtilityClass_FailedTC_PropertyFile.POM_DDF_TestNG_BasEClass_UtilityClass1" name="ToVerifyTitle" time="0.000">
    <skipped/>
  </testcase> <!-- ToVerifyTitle -->
  <system-out/>
  <testcase classname="POM_DDF_TestNG_BaseClass_UtilityClass_FailedTC_PropertyFile.POM_DDF_TestNG_BasEClass_UtilityClass1" name="OpenBrowser" time="5.283">
    <error message="C:\Users\ASUS\eclipse-workspace\Selenium\propertyFile.properties (The system cannot find the file specified)" type="java.io.FileNotFoundException">
      <![CDATA[java.io.FileNotFoundException: C:\Users\ASUS\eclipse-workspace\Selenium\propertyFile.properties (The system cannot find the file specified)
at java.base/java.io.FileInputStream.open0(Native Method)
at java.base/java.io.FileInputStream.open(FileInputStream.java:213)
at java.base/java.io.FileInputStream.<init>(FileInputStream.java:152)
at java.base/java.io.FileInputStream.<init>(FileInputStream.java:106)
at POM_DDF_TestNG_BaseClass_UtilityClass_FailedTC_PropertyFile.UtilityClass.GetDataFromPropertyFile(UtilityClass.java:33)
at POM_DDF_TestNG_BaseClass_UtilityClass_FailedTC_PropertyFile.Baseclass.IntializeBrowser(Baseclass.java:14)
at POM_DDF_TestNG_BaseClass_UtilityClass_FailedTC_PropertyFile.POM_DDF_TestNG_BasEClass_UtilityClass1.OpenBrowser(POM_DDF_TestNG_BasEClass_UtilityClass1.java:24)
at java.base/jdk.internal.reflect.DirectMethodHandleAccessor.invoke(DirectMethodHandleAccessor.java:103)
at java.base/java.lang.reflect.Method.invoke(Method.java:580)
at org.testng.internal.MethodInvocationHelper.invokeMethod(MethodInvocationHelper.java:133)
at org.testng.internal.MethodInvocationHelper.invokeMethodConsideringTimeout(MethodInvocationHelper.java:62)
at org.testng.internal.ConfigInvoker.invokeConfigurationMethod(ConfigInvoker.java:385)
at org.testng.internal.ConfigInvoker.invokeConfigurations(ConfigInvoker.java:321)
at org.testng.internal.TestMethodWorker.invokeBeforeClassMethods(TestMethodWorker.java:176)
at org.testng.internal.TestMethodWorker.run(TestMethodWorker.java:122)
at java.base/java.util.ArrayList.forEach(ArrayList.java:1596)
at org.testng.TestRunner.privateRun(TestRunner.java:794)
at org.testng.TestRunner.run(TestRunner.java:596)
at org.testng.SuiteRunner.runTest(SuiteRunner.java:377)
at org.testng.SuiteRunner.runSequentially(SuiteRunner.java:371)
at org.testng.SuiteRunner.privateRun(SuiteRunner.java:332)
at org.testng.SuiteRunner.run(SuiteRunner.java:276)
at org.testng.SuiteRunnerWorker.runSuite(SuiteRunnerWorker.java:53)
at org.testng.SuiteRunnerWorker.run(SuiteRunnerWorker.java:96)
at org.testng.TestNG.runSuitesSequentially(TestNG.java:1212)
at org.testng.TestNG.runSuitesLocally(TestNG.java:1134)
at org.testng.TestNG.runSuites(TestNG.java:1063)
at org.testng.TestNG.run(TestNG.java:1031)
at org.testng.remote.AbstractRemoteTestNG.run(AbstractRemoteTestNG.java:115)
at org.testng.remote.RemoteTestNG.initAndRun(RemoteTestNG.java:251)
at org.testng.remote.RemoteTestNG.main(RemoteTestNG.java:77)
]]>
    </error>
  </testcase> <!-- OpenBrowser -->
  <system-out/>
</testsuite> <!-- POM_DDF_TestNG_BaseClass_UtilityClass_FailedTC_PropertyFile.POM_DDF_TestNG_BasEClass_UtilityClass1 -->
